C51 COMPILER V9.52.0.0   COMMON                                                            03/19/2018 16:44:35 PAGE 1   


C51 COMPILER V9.52.0.0, COMPILATION OF MODULE COMMON
OBJECT MODULE PLACED IN .\Output\Common.obj
COMPILER INVOKED BY: C:\Keil_v5\C51\BIN\C51.EXE Code\Common\Common.c OPTIMIZE(4,SPEED) BROWSE INCDIR(.\Code\Common;.\Cod
                    -e;.\Code\BSP;.\Code\N76E003_HW) DEFINE(FOSC_160000) DEBUG OBJECTEXTEND PRINT(.\LST\Common.lst) TABS(2) OBJECT(.\Output\C
                    -ommon.obj)

line level    source

   1          
   2          #include "N76E003.h"
   3          #include "Common.h"
   4          #include "Delay.h"
   5          #include "SFR_Macro.h"
   6          #include "Function_define.h"
   7          
   8          //----------------------------------------------------------------------------------
   9          //  enable the global interrupt switcher 
  10          //----------------------------------------------------------------------------------
  11          void GlobalInterruptEnable(void)
  12          {
  13   1        EA=1;
  14   1      }
  15          
  16          void DisableInterrupts(void)
  17          {
  18   1        EA=0;
  19   1      }
  20          ////----------------------------------------------------------------------------------
  21          //// UART0 baud rate initial setting 
  22          ////----------------------------------------------------------------------------------
  23          void InitialUART0_Timer1(UINT32 u32Baudrate)    //T1M = 1, SMOD = 1
  24          {
  25   1          P06_Quasi_Mode;   //Setting UART pin as Quasi mode for transmit
  26   1          P07_Quasi_Mode;   //Setting UART pin as Quasi mode for transmit
  27   1        
  28   1          SCON = 0x50;      //UART0 Mode1,REN=1,TI=1
  29   1          TMOD |= 0x20;     //Timer1 Mode1
  30   1          
  31   1          set_SMOD;         //UART0 Double Rate Enable
  32   1          set_T1M;
  33   1          clr_BRCK;         //Serial port 0 baud rate clock source = Timer1
  34   1       
  35   1      #ifdef FOSC_160000
  36   1          TH1 = 256 - (1000000/u32Baudrate+1);               /*16 MHz */
  37   1      #endif      
  38   1      #ifdef FOSC_166000
                  TH1 = 256 - (1037500/u32Baudrate);                 /*16.6 MHz */
              #endif
  41   1          set_TR1;
  42   1          set_TI;           //For printf function must setting TI = 1
  43   1        
  44   1          set_ES;         //For interrupt enable
  45   1      }
  46          
  47          
  48          UINT8 Receive_Data_From_UART0(void)
  49          {
  50   1          UINT8 c;
  51   1          while (!RI);
  52   1          c = SBUF;
  53   1          RI = 0;
C51 COMPILER V9.52.0.0   COMMON                                                            03/19/2018 16:44:35 PAGE 2   

  54   1          return (c);
  55   1      }
  56          
  57          void Send_Data_To_UART0 (uint8_t c)
  58          {
  59   1        u16 t=50000;
  60   1        
  61   1          TI = 0;
  62   1          SBUF = c;
  63   1          while(TI==0);
  64   1      }
  65          
  66          void SendDataUart(uint8_t *buf,uint8_t len)
  67          {
  68   1        while(len--)
  69   1        {
  70   2          Send_Data_To_UART0(*buf);
  71   2          buf++;
  72   2        }
  73   1      }
  74          
  75          /*==========================================================================*/
  76          #ifdef SW_Reset
              void SW_Reset(void)
              {
                  TA = 0xAA;
                  TA = 0x55;
                  set_SWRST;
              }
              #endif
  84          /*==========================================================================*/


MODULE INFORMATION:   STATIC OVERLAYABLE
   CODE SIZE        =    114    ----
   CONSTANT SIZE    =   ----    ----
   XDATA SIZE       =   ----       2
   PDATA SIZE       =   ----    ----
   DATA SIZE        =   ----    ----
   IDATA SIZE       =   ----    ----
   BIT SIZE         =   ----    ----
END OF MODULE INFORMATION.


C51 COMPILATION COMPLETE.  0 WARNING(S),  0 ERROR(S)
