C51 COMPILER V9.56.0.0   POSTIONDETECT                                                     08/11/2017 15:50:36 PAGE 1   


C51 COMPILER V9.56.0.0, COMPILATION OF MODULE POSTIONDETECT
OBJECT MODULE PLACED IN .\Output\PostionDetect.obj
COMPILER INVOKED BY: C:\Keil_v5\C51\BIN\C51.EXE Code\PostionDetect.c OPTIMIZE(4,SPEED) BROWSE INCDIR(.\Code\Common;.\Cod
                    -e;.\Code\BSP;.\Code\N76E003_HW) DEFINE(FOSC_160000) DEBUG OBJECTEXTEND PRINT(.\LST\PostionDetect.lst) TABS(2) OBJECT(.\O
                    -utput\PostionDetect.obj)

line level    source

   1          /*--------------------------------------------------------------------------------------------------------
             --*/
   2          /*                                                                                                        
             - */
   3          /* Copyright(c) 2017 Buta Technology Corp. All rights reserved.                                         */
   4          /*                                                                                                        
             - */
   5          /*--------------------------------------------------------------------------------------------------------
             --*/
   6          
   7          //********************************************************************************************************
             -***
   8          //  Website: http://www.ptahtoy.com
   9          //  E-Mail : linshigao@ptahtoy.com
  10          //  Date   : Jun/24/2017
  11          //********************************************************************************************************
             -***
  12          
  13          //********************************************************************************************************
             -***
  14          //  File Function: BabyMonkey(Finger Toy) 
  15          //********************************************************************************************************
             -***
  16          
  17          #include "Common.h"
  18          #include "Board.h"
  19          #include "PostionDetect.h"
  20          
  21          EUINT8 mPosSta=0;
  22          EUINT8 mLastPosSta=0;
  23          EUINT8 mChangeCnt;
  24          EUINT8 mPosStableCnt;
  25          
  26          void  PostionSta(void)
  27          {
  28   1        switch(mPosSta)
  29   1        {
  30   2          case POS_STA_INIT:
  31   2          //  mHPin=GetHPinVal();
  32   2          //  mVPin=GetVPinVal();
  33   2            mPosSta=POS_STA_IDLE;
  34   2          break;
  35   2          case POS_STA_IDLE:
  36   2            if(GetHPinInt() ||GetVPinInt())
  37   2            {
  38   3              mPosSta=POS_STA_UNSTABLE;
  39   3              mChangeCnt=0;
  40   3              mPosStableCnt=0;
  41   3              SetTimer(TM_POS,250);
  42   3            }
  43   2          break;
  44   2          case POS_STA_UNSTABLE: //不稳定状态，从该状态可能转移到以下各个状态
  45   2            if(GetTimer(TM_POS)==0)
C51 COMPILER V9.56.0.0   POSTIONDETECT                                                     08/11/2017 15:50:36 PAGE 2   

  46   2            {//stable with not change the status
  47   3              mPosStableCnt++;
  48   3              mChangeCnt=0;
  49   3              if(mPosStableCnt>5)
  50   3              {
  51   4                if(GetHPinVal()==0 && GetVPinVal()==1)
  52   4                {
  53   5                  mPosSta=POS_STA_INV;
  54   5                }
  55   4                else if(GetHPinVal()==GetVPinVal())
  56   4                {
  57   5                  mPosSta=POS_STA_HLAY;
  58   5                }
  59   4              }
  60   3              else 
  61   3              {
  62   4                SetTimer(TM_POS,250);
  63   4              }
  64   3            }
  65   2            
  66   2            if(GetHPinInt() ||GetVPinInt())
  67   2            {
  68   3              mChangeCnt++;
  69   3              mPosStableCnt=0;
  70   3              SetTimer(TM_POS,250);
  71   3              
  72   3              if(mChangeCnt>30)
  73   3              {
  74   4                mPosSta=POS_STA_SHAKE;
  75   4              }
  76   3            }
  77   2          break;
  78   2          case POS_STA_INV:
  79   2            if(GetHPinInt() ||GetVPinInt())
  80   2            {
  81   3              mPosSta=POS_STA_UNSTABLE;
  82   3              mChangeCnt=0;
  83   3              mPosStableCnt=0;
  84   3              SetTimer(TM_POS,250);
  85   3            }
  86   2          break;
  87   2          case POS_STA_HLAY: 
  88   2            if(GetHPinInt() ||GetVPinInt())
  89   2            {
  90   3              mPosSta=POS_STA_UNSTABLE;
  91   3              mChangeCnt=0;
  92   3              mPosStableCnt=0;
  93   3              SetTimer(TM_POS,250);
  94   3            }
  95   2          break;
  96   2          case POS_STA_SHAKE:
  97   2            if(GetTimer(TM_POS)==0)
  98   2            {
  99   3              mPosStableCnt++;
 100   3              if(mPosStableCnt>2)
 101   3              {
 102   4                 mPosSta=POS_STA_UNSTABLE;
 103   4              }
 104   3              else 
 105   3              {
 106   4                SetTimer(TM_POS,250);
 107   4              }
C51 COMPILER V9.56.0.0   POSTIONDETECT                                                     08/11/2017 15:50:36 PAGE 3   

 108   3            }
 109   2            if(GetHPinInt() ||GetVPinInt())
 110   2            {
 111   3              mPosStableCnt=0;
 112   3            }
 113   2          break;
 114   2        
 115   2        }
 116   1      }
 117          
 118          
 119          UINT8   GetPosType(void)
 120          {
 121   1        UINT8 ret;
 122   1        
 123   1        ret=0;
 124   1        
 125   1        if(mLastPosSta!=mPosSta)
 126   1        {
 127   2          ret= mPosSta;
 128   2        }
 129   1        
 130   1        mLastPosSta=mPosSta;
 131   1        
 132   1        return ret;
 133   1        
 134   1      }


MODULE INFORMATION:   STATIC OVERLAYABLE
   CODE SIZE        =    365    ----
   CONSTANT SIZE    =   ----    ----
   XDATA SIZE       =      4    ----
   PDATA SIZE       =   ----    ----
   DATA SIZE        =   ----    ----
   IDATA SIZE       =   ----    ----
   BIT SIZE         =   ----    ----
END OF MODULE INFORMATION.


C51 COMPILATION COMPLETE.  0 WARNING(S),  0 ERROR(S)
