C51 COMPILER V9.52.0.0   TIMER                                                             09/18/2017 18:11:06 PAGE 1   


C51 COMPILER V9.52.0.0, COMPILATION OF MODULE TIMER
OBJECT MODULE PLACED IN .\Output\Timer.obj
COMPILER INVOKED BY: C:\Keil_v5\C51\BIN\C51.EXE Code\N76E003_HW\Timer.c OPTIMIZE(4,SPEED) BROWSE INCDIR(.\Code\Common;.\
                    -Code;.\Code\BSP;.\Code\N76E003_HW) DEFINE(FOSC_160000) DEBUG OBJECTEXTEND PRINT(.\LST\Timer.lst) TABS(2) OBJECT(.\Output
                    -\Timer.obj)

line level    source

   1          
   2          #include "N76E003.h"
   3          #include "Common.h"
   4          #include "SFR_Macro.h"
   5          #include "Function_define.h"
   6          #include "Timer.h"
   7          
   8          FN_INT_HANDLER mTimer3IntHandler=0;
   9          
  10          typedef union _TimerVal
  11          {
  12            UINT8 mTimer0Cnt[2];
  13            UINT16  mVal;
  14          }TimerVal;  
  15          
  16          TimerVal mTimer0Cnt;
  17           
  18          void Timer0Init(void)
  19          {
  20   1        TIMER0_MODE1_ENABLE;
  21   1       
  22   1        clr_T0M; //fclk=fsys/12 
  23   1        TH0=0;TL0=0;
  24   1        set_TR0;                                    //Timer0 run
  25   1         
  26   1      }
  27          
  28          UINT16 GetTimer0Cnt(void)
  29          {
  30   1      
  31   1        clr_TR0;
  32   1        mTimer0Cnt.mTimer0Cnt[0]=TH0;
  33   1        mTimer0Cnt.mTimer0Cnt[1]=TL0;
  34   1        set_TR0;
  35   1        return mTimer0Cnt.mVal;
  36   1      }
  37          
  38          void Timer3Init(FN_INT_HANDLER handler)
  39          {
  40   1        mTimer3IntHandler=handler;
  41   1        T3CON = 0x02;                               //Timer3 Clock = Fsys/4
  42   1        RH3 = HIBYTE(TIMER_DIV4_VALUE_500us);                       //initial counter values 
  43   1        RL3 = LOBYTE(TIMER_DIV4_VALUE_500us);    
  44   1        
  45   1        set_ET3;                                    //enable Timer3 interrupt
  46   1       
  47   1      }
  48          
  49          void StartTimer3(void)
  50          {
  51   1        set_TR3;//Timer3 run
  52   1      }
  53          
C51 COMPILER V9.52.0.0   TIMER                                                             09/18/2017 18:11:06 PAGE 2   

  54          UINT16 GetTimer3Count(void)
  55          {
  56   1        UINT16 ret;
  57   1        
  58   1        ret=(RH3<<8) | RL3;
  59   1        
  60   1        return ret;
  61   1      }
  62          
  63          /*********************************************************************************************************
             -***
  64          *    TIMER 3 interrupt subroutine
  65          **********************************************************************************************************
             -**/
  66          void Timer3_ISR (void) interrupt 16 
  67          {
  68   1         clr_TF3;
  69   1        
  70   1        if(mTimer3IntHandler)
  71   1        {
  72   2          mTimer3IntHandler();
  73   2        }
  74   1      }


MODULE INFORMATION:   STATIC OVERLAYABLE
   CODE SIZE        =    138    ----
   CONSTANT SIZE    =   ----    ----
   XDATA SIZE       =   ----    ----
   PDATA SIZE       =   ----    ----
   DATA SIZE        =      5    ----
   IDATA SIZE       =   ----    ----
   BIT SIZE         =   ----    ----
END OF MODULE INFORMATION.


C51 COMPILATION COMPLETE.  0 WARNING(S),  0 ERROR(S)
