C51 COMPILER V9.56.0.0   TOUCH                                                             08/11/2017 15:50:36 PAGE 1   


C51 COMPILER V9.56.0.0, COMPILATION OF MODULE TOUCH
OBJECT MODULE PLACED IN .\Output\Touch.obj
COMPILER INVOKED BY: C:\Keil_v5\C51\BIN\C51.EXE Code\Touch.c OPTIMIZE(4,SPEED) BROWSE INCDIR(.\Code\Common;.\Code;.\Code
                    -\BSP;.\Code\N76E003_HW) DEFINE(FOSC_160000) DEBUG OBJECTEXTEND PRINT(.\LST\Touch.lst) TABS(2) OBJECT(.\Output\Touch.obj)

line level    source

   1          /*--------------------------------------------------------------------------------------------------------
             --*/
   2          /*                                                                                                        
             - */
   3          /* Copyright(c) 2017 Buta Technology Corp. All rights reserved.                                         */
   4          /*                                                                                                        
             - */
   5          /*--------------------------------------------------------------------------------------------------------
             --*/
   6          
   7          //********************************************************************************************************
             -***
   8          //  Website: http://www.ptahtoy.com
   9          //  E-Mail : linshigao@ptahtoy.com
  10          //  Date   : Jun/24/2017
  11          //********************************************************************************************************
             -***
  12          
  13          //********************************************************************************************************
             -***
  14          //  File Function: BabyMonkey(Finger Toy) 
  15          //********************************************************************************************************
             -***
  16          
  17          #include "Common.h"
  18          #include "Board.h"
  19          #include "Touch.h"
  20          
  21          EUINT16 mTouchCnt;
  22          EUINT8  mTouchSta;
  23          EUINT8  mTouchType;
  24          
  25          void Touch_Init(void)
  26          {
  27   1        mTouchSta=TCH_STA_IDLE;
  28   1        mTouchCnt=0;
  29   1        mTouchType=TCH_TYPE_NONE;
  30   1      }
  31          
  32          // called per 1ms
  33          void Touch_Sta(void)
  34          {
  35   1        switch(mTouchSta)
  36   1        {
  37   2          case TCH_STA_IDLE:
  38   2            if(GetTHead_Left())
  39   2            {
  40   3              mTouchSta=TCH_STA_WAIT_LEFT;
  41   3              mTouchCnt=100;//wait for 100ms
  42   3            }
  43   2            else if(GetTHead_Right())
  44   2            {
  45   3              mTouchSta=TCH_STA_WAIT_RIGHT;
  46   3              mTouchCnt=100;//wait for 100ms
C51 COMPILER V9.56.0.0   TOUCH                                                             08/11/2017 15:50:36 PAGE 2   

  47   3            }
  48   2          break;
  49   2      //////////////////////Left////////////////////      
  50   2          case TCH_STA_WAIT_LEFT:
  51   2            if(mTouchCnt==0)
  52   2            {
  53   3              mTouchType=TCH_TYPE_LEFT;
  54   3              mTouchSta=TCH_TYPE_WAIT_LEFT_0;
  55   3            }
  56   2            if(GetTHead_Left())
  57   2            {
  58   3              if(GetTHead_Right())
  59   3              {
  60   4                mTouchSta=TCH_STA_WAIT_BOTH;
  61   4                mTouchCnt=1500;
  62   4              }
  63   3              else
  64   3              {
  65   4                mTouchCnt=100;
  66   4              }
  67   3            }
  68   2            
  69   2          break;
  70   2          case TCH_TYPE_WAIT_LEFT_0:
  71   2            if(GetTHead_Left()==0)
  72   2            {
  73   3              mTouchSta=TCH_STA_IDLE;
  74   3            }
  75   2          break;
  76   2      //////////////////////Right////////////////////         
  77   2          case TCH_STA_WAIT_RIGHT:
  78   2            if(mTouchCnt==0)
  79   2            {
  80   3              mTouchType=TCH_TYPE_RIGHT;
  81   3              mTouchSta=TCH_TYPE_WAIT_RIGHT_0;
  82   3            }
  83   2            if(GetTHead_Right())
  84   2            {
  85   3              if(GetTHead_Left())
  86   3              {
  87   4                mTouchSta=TCH_STA_WAIT_BOTH;
  88   4                mTouchCnt=1500;
  89   4              }
  90   3              else
  91   3              {
  92   4                mTouchCnt=100;
  93   4              }
  94   3            }
  95   2            
  96   2          break;
  97   2          case TCH_TYPE_WAIT_RIGHT_0:
  98   2            if(GetTHead_Right()==0)
  99   2            {
 100   3              mTouchSta=TCH_STA_IDLE;
 101   3            }
 102   2          break;
 103   2      //////////////////////Both////////////////////        
 104   2          case TCH_STA_WAIT_BOTH: 
 105   2            if(mTouchCnt==0)
 106   2            {
 107   3              mTouchType=TCH_TYPE_ALWAYS;
 108   3              mTouchSta=TCH_TYPE_WAIT_ALWAYS_0;
C51 COMPILER V9.56.0.0   TOUCH                                                             08/11/2017 15:50:36 PAGE 3   

 109   3            }
 110   2            if(GetTHead_Right()==0 || GetTHead_Left()==0)
 111   2            {
 112   3              if(mTouchCnt>1200)
 113   3              {
 114   4                mTouchType=TCH_TYPE_BOTH;
 115   4              }
 116   3              
 117   3              if(GetTHead_Left()==0)
 118   3              {
 119   4                mTouchSta=TCH_TYPE_WAIT_RIGHT_0;
 120   4              }
 121   3              else if(GetTHead_Right()==0)
 122   3              {
 123   4                mTouchSta=TCH_TYPE_WAIT_LEFT_0;
 124   4              }
 125   3              else
 126   3              {
 127   4                mTouchSta=TCH_STA_IDLE;
 128   4              }
 129   3      
 130   3            }
 131   2            
 132   2          break;
 133   2          case TCH_TYPE_WAIT_ALWAYS_0:
 134   2            if(GetTHead_Right()==0 || GetTHead_Left()==0)
 135   2            {
 136   3       
 137   3              if(GetTHead_Left()==0)
 138   3              {
 139   4                mTouchSta=TCH_TYPE_WAIT_RIGHT_0;
 140   4              }
 141   3              else if(GetTHead_Right()==0)
 142   3              {
 143   4                mTouchSta=TCH_TYPE_WAIT_LEFT_0;
 144   4              }
 145   3              else
 146   3              {
 147   4                mTouchSta=TCH_STA_IDLE;
 148   4              }
 149   3      
 150   3            }
 151   2          break;  
 152   2        }
 153   1        
 154   1        if(mTouchCnt)mTouchCnt--;
 155   1      
 156   1      }
 157          
 158          UINT8 TouchType(void)
 159          {
 160   1        UINT8 ret;
 161   1        
 162   1        ret=mTouchType;
 163   1        mTouchType=0;
 164   1        return ret;
 165   1      }
 166          


MODULE INFORMATION:   STATIC OVERLAYABLE
   CODE SIZE        =    437    ----
C51 COMPILER V9.56.0.0   TOUCH                                                             08/11/2017 15:50:36 PAGE 4   

   CONSTANT SIZE    =   ----    ----
   XDATA SIZE       =      4    ----
   PDATA SIZE       =   ----    ----
   DATA SIZE        =   ----    ----
   IDATA SIZE       =   ----    ----
   BIT SIZE         =   ----    ----
END OF MODULE INFORMATION.


C51 COMPILATION COMPLETE.  0 WARNING(S),  0 ERROR(S)
