C51 COMPILER V9.52.0.0   WDT                                                               11/14/2017 16:20:07 PAGE 1   


C51 COMPILER V9.52.0.0, COMPILATION OF MODULE WDT
OBJECT MODULE PLACED IN .\Output\WDT.obj
COMPILER INVOKED BY: C:\Keil_v5\C51\BIN\C51.EXE Code\WDT.c OPTIMIZE(4,SPEED) BROWSE INCDIR(.\Code\Common;.\Code;.\Code\B
                    -SP;.\Code\N76E003_HW) DEFINE(FOSC_160000) DEBUG OBJECTEXTEND PRINT(.\LST\WDT.lst) TABS(2) OBJECT(.\Output\WDT.obj)

line level    source

   1          
   2          #include "N76E003.h"
   3          #include "Common.h"
   4          #include "Delay.h"
   5          #include "Audio.h"
   6          #include "Board.h"
   7          #include "PWM.h"
   8          #include "motor.h"
   9          #include "SFR_Macro.h"
  10          #include "Function_define.h"
  11          #include "string.h"
  12          #include "UART.h"
  13          #include "LED.h"
  14          #include "ADC.h"
  15          #include "voltage.h"
  16          #include "WDT.h"
  17          
  18          //bit BIT_TMP;
  19          
  20          void WDT_Init(void)
  21          {
  22   1      //----------------------------------------------------------------------------------------------
  23   1      // WDT Init !!! ENABLE CONFIG WDT FIRST !!!
  24   1      // Warning:
  25   1      // Always check CONFIG WDT enable first, CONFIG not enable, SFR can't enable WDT reset
  26   1      // Please call Enable_WDT_Reset_Config() function to enable CONFIG WDT reset
  27   1      //----------------------------------------------------------------------------------------------
  28   1      
  29   1      //  Enable_WDT_Reset_Config();
  30   1      
  31   1          TA=0xAA;TA=0x55;WDCON=0x07;           //Setting WDT prescale 
  32   1          set_WDCLR;                            //Clear WDT timer
*** ERROR C202 IN LINE 32 OF Code\WDT.c: 'BIT_TMP': undefined identifier
*** ERROR C202 IN LINE 32 OF Code\WDT.c: 'BIT_TMP': undefined identifier
  33   1          while((WDCON|~SET_BIT6)==0xFF);       //confirm WDT clear is ok before into power down mode
  34   1          //EA = 1;
  35   1          set_WDTR;                             //WDT run
*** ERROR C202 IN LINE 35 OF Code\WDT.c: 'BIT_TMP': undefined identifier
*** ERROR C202 IN LINE 35 OF Code\WDT.c: 'BIT_TMP': undefined identifier
  36   1            
  37   1      }

C51 COMPILATION COMPLETE.  0 WARNING(S),  4 ERROR(S)
